
Created event
DLL loaded
Connected to pipe
Sending encrypted message: 55555555
End of Sender
Created event
DLL loaded
Connected to pipe
Sending encrypted message: 777
End of Sender
Created event
DLL loaded
Connected to pipe
Sending encrypted message: m`ru!usx
End of Sender

Created event
DLL loaded
Connected to pipe
Sending encrypted message: gmek
Sending encrypted message: nn003
Sending encrypted message: udslho`ud
End of Sender

Created event
DLL loaded
Connected to pipe
Sending encrypted message: udslho`ud
End of Sender

Created event
DLL loaded
Connected to pipe
Sending encrypted message: mjegk`m
Sending encrypted message: 888
Sending encrypted message: udslho`ud
End of Sender

Created event
DLL loaded
Connected to pipe
Sending encrypted message: udslho`ud
End of Sender

Created event
DLL loaded
Connected to pipe
Sending encrypted message: udslho`ud
End of Sender

Created event
DLL loaded
Connected to pipe
Sending encrypted message: otmmqus
Sending encrypted message: udslho`ud
End of Sender

Created event
DLL loaded
Connected to pipe
Sending encrypted message: onod
Sending encrypted message: o
Sending encrypted message: udslho`ud
End of Sender

Created event
DLL loaded
Connected to pipe
Sending encrypted message: mek
Sending encrypted message: udslho`ud
End of Sender

Created event
DLL loaded
Connected to pipe
Sending encrypted message: lll
Sending encrypted message: mmm
Sending encrypted message: udslho`ud
End of Sender
